<?xml version="1.0" encoding="UTF-8" ?>
<testsuite errors="1" failures="0" hostname="danlee1997-PC" name="com.eviltester.seleniumtutorials.MySecondSeleniumTests" tests="1" time="0.0" timestamp="2013-02-24T20:31:24">
  <properties>
[...]
</properties>
  <error message="com.eviltester.seleniumtutorials.MySecondSeleniumTests" type="java.lang.ClassNotFoundException">java.lang.ClassNotFoundException: com.eviltester.seleniumtutorials.MySecondSeleniumTests
	at java.lang.ClassLoader.loadClass(ClassLoader.java:356)
	at java.lang.Class.forName0(Native Method)
	at java.lang.Class.forName(Class.java:266)
</error>
  <system-out><![CDATA[]]></system-out>
  <system-err><![CDATA[]]></system-err>
</testsuite>
